<?xml version="1.0" encoding="UTF-8"?>
<!-- Generated by org.testng.reporters.JUnitReportReporter -->
<testsuite skipped="0" hostname="DESKTOP-K0MKAS8" name="Tests2" tests="2" failures="0" timestamp="18 sij 2020 19:29:30 GMT" time="62.637" errors="0">
  <testcase name="LoginTest" time="33.517" classname="Tests2"/>
  <testcase name="FutureTest" time="29.120" classname="Tests2"/>
</testsuite> <!-- Tests2 -->
