<?xml version="1.0" encoding="UTF-8"?>
<!-- Generated by org.testng.reporters.JUnitReportReporter -->
<testsuite skipped="0" hostname="DESKTOP-K0MKAS8" name="TestGrid" tests="1" failures="0" timestamp="18 sij 2020 19:29:30 GMT" time="40.330" errors="0">
  <testcase name="Test" time="40.330" classname="TestGrid"/>
</testsuite> <!-- TestGrid -->
