<?xml version="1.0" encoding="UTF-8"?>
<!-- Generated by org.testng.reporters.JUnitReportReporter -->
<testsuite skipped="0" hostname="DESKTOP-K0MKAS8" name="Tests2" tests="2" failures="0" timestamp="20 sij 2020 18:54:50 GMT" time="40.491" errors="0">
  <testcase name="LoginTest" time="20.713" classname="Tests2"/>
  <testcase name="FutureTest" time="19.778" classname="Tests2"/>
</testsuite> <!-- Tests2 -->
