<?xml version="1.0" encoding="UTF-8"?>
<!-- Generated by org.testng.reporters.JUnitReportReporter -->
<testsuite skipped="0" hostname="DESKTOP-K0MKAS8" name="Tests" tests="2" failures="0" timestamp="20 sij 2020 18:54:50 GMT" time="49.306" errors="0">
  <testcase name="MclarenTest" time="23.763" classname="Tests"/>
  <testcase name="BuyingTickets" time="25.543" classname="Tests"/>
</testsuite> <!-- Tests -->
