<?xml version="1.0" encoding="UTF-8"?>
<!-- Generated by org.testng.reporters.JUnitReportReporter -->
<testsuite skipped="0" hostname="DESKTOP-K0MKAS8" name="TestGrid" tests="1" failures="0" timestamp="20 sij 2020 18:54:50 GMT" time="29.189" errors="0">
  <testcase name="Test" time="29.189" classname="TestGrid"/>
</testsuite> <!-- TestGrid -->
