<?xml version="1.0" encoding="UTF-8"?>
<!-- Generated by org.testng.reporters.JUnitReportReporter -->
<testsuite skipped="0" hostname="DESKTOP-K0MKAS8" name="Tests" tests="2" failures="0" timestamp="18 sij 2020 19:29:30 GMT" time="69.570" errors="0">
  <testcase name="MclarenTest" time="30.116" classname="Tests"/>
  <testcase name="BuyingTickets" time="39.454" classname="Tests"/>
</testsuite> <!-- Tests -->
